<?xml version="1.0" encoding="UTF-8"?>
<!-- Generated by org.testng.reporters.JUnitReportReporter -->
<testsuite hostname="DESKTOP-GGDIQCA" failures="1" tests="21" name="test_package.TestKanbanBoardRegression" time="576.339" errors="1" timestamp="2024-10-04T12:07:31 IST" skipped="1">
  <testcase classname="test_package.TestKanbanBoardRegression" name="SingleKanbanCard" time="71.309"/>
  <testcase classname="test_package.TestKanbanBoardRegression" name="UpdateKanbanCard" time="23.301"/>
  <testcase classname="test_package.TestKanbanBoardRegression" name="KanbanCardStatus" time="11.880"/>
  <testcase classname="test_package.TestKanbanBoardRegression" name="KanbanCardTask" time="14.136"/>
  <testcase classname="test_package.TestKanbanBoardRegression" name="EditKanbanCardTask" time="17.896"/>
  <testcase classname="test_package.TestKanbanBoardRegression" name="KanbanCardLogTime" time="16.732"/>
  <testcase classname="test_package.TestKanbanBoardRegression" name="EditKanbanCardLogTime" time="16.535"/>
  <testcase classname="test_package.TestKanbanBoardRegression" name="KanbanCardRisk" time="11.971"/>
  <testcase classname="test_package.TestKanbanBoardRegression" name="EditKanbanCardRisk" time="10.788"/>
  <testcase classname="test_package.TestKanbanBoardRegression" name="quickActionKanbanCard" time="33.364"/>
  <testcase classname="test_package.TestKanbanBoardRegression" name="KanbanCardLink" time="67.260"/>
  <testcase classname="test_package.TestKanbanBoardRegression" name="KanbanCardSubscriber" time="15.968"/>
  <testcase classname="test_package.TestKanbanBoardRegression" name="kanbanCardResource" time="5.328"/>
  <testcase classname="test_package.TestKanbanBoardRegression" name="KanbancardCardMode" time="10.517"/>
  <testcase classname="test_package.TestKanbanBoardRegression" name="UploadStickerOnKanbanCard" time="28.136"/>
  <testcase classname="test_package.TestKanbanBoardRegression" name="CloneKanbanCard" time="29.575"/>
  <testcase classname="test_package.TestKanbanBoardRegression" name="KanbanCardHyperJump" time="21.974"/>
  <testcase classname="test_package.TestKanbanBoardRegression" name="KanbanCardHierarchy" time="27.136"/>
  <testcase classname="test_package.TestKanbanBoardRegression" name="KanbanCardFiles" time="13.549">
    <failure message="The following asserts failed:
	expected [1] but found [100],
	expected [priority white] but found [priority blue],
	expected [] but found [1],
	expected [0] but found [50],
	expected [false] but found [true],
	expected [Anshita Bhadoria] but found [sakharam Nilkhan]" type="java.lang.AssertionError">
      <![CDATA[java.lang.AssertionError: The following asserts failed:
expected [1] but found [100],
expected [priority white] but found [priority blue],
expected [] but found [1],
expected [0] but found [50],
expected [false] but found [true],
expected [Anshita Bhadoria] but found [sakharam Nilkhan]
at org.testng.asserts.SoftAssert.assertAll(SoftAssert.java:46)
at org.testng.asserts.SoftAssert.assertAll(SoftAssert.java:30)
at test_package.TestKanbanBoardRegression.KanbanCardFiles(TestKanbanBoardRegression.java:299)
at java.base/jdk.internal.reflect.NativeMethodAccessorImpl.invoke0(Native Method)
at java.base/jdk.internal.reflect.NativeMethodAccessorImpl.invoke(NativeMethodAccessorImpl.java:77)
at java.base/jdk.internal.reflect.DelegatingMethodAccessorImpl.invoke(DelegatingMethodAccessorImpl.java:43)
at java.base/java.lang.reflect.Method.invoke(Method.java:568)
at org.testng.internal.invokers.MethodInvocationHelper.invokeMethod(MethodInvocationHelper.java:139)
at org.testng.internal.invokers.TestInvoker.invokeMethod(TestInvoker.java:664)
at org.testng.internal.invokers.TestInvoker.invokeTestMethod(TestInvoker.java:227)
at org.testng.internal.invokers.MethodRunner.runInSequence(MethodRunner.java:50)
at org.testng.internal.invokers.TestInvoker$MethodInvocationAgent.invoke(TestInvoker.java:957)
at org.testng.internal.invokers.TestInvoker.invokeTestMethods(TestInvoker.java:200)
at org.testng.internal.invokers.TestMethodWorker.invokeTestMethods(TestMethodWorker.java:148)
at org.testng.internal.invokers.TestMethodWorker.run(TestMethodWorker.java:128)
at java.base/java.util.ArrayList.forEach(ArrayList.java:1511)
at org.testng.TestRunner.privateRun(TestRunner.java:848)
at org.testng.TestRunner.run(TestRunner.java:621)
at org.testng.SuiteRunner.runTest(SuiteRunner.java:443)
at org.testng.SuiteRunner.runSequentially(SuiteRunner.java:437)
at org.testng.SuiteRunner.privateRun(SuiteRunner.java:397)
at org.testng.SuiteRunner.run(SuiteRunner.java:336)
at org.testng.SuiteRunnerWorker.runSuite(SuiteRunnerWorker.java:52)
at org.testng.SuiteRunnerWorker.run(SuiteRunnerWorker.java:95)
at org.testng.TestNG.runSuitesSequentially(TestNG.java:1280)
at org.testng.TestNG.runSuitesLocally(TestNG.java:1200)
at org.testng.TestNG.runSuites(TestNG.java:1114)
at org.testng.TestNG.run(TestNG.java:1082)
at org.testng.remote.AbstractRemoteTestNG.run(AbstractRemoteTestNG.java:115)
at org.testng.remote.RemoteTestNG.initAndRun(RemoteTestNG.java:251)
at org.testng.remote.RemoteTestNG.main(RemoteTestNG.java:77)
]]>
    </failure>
  </testcase> <!-- KanbanCardFiles -->
  <testcase classname="test_package.TestKanbanBoardRegression" name="DeleteKanbanCard" time="128.984">
    <error message="Expected condition failed: waiting for visibility of element located by By.xpath: //div[@class=&#039;x-container x-unsized x-msgbox-dark x-msgbox x-floating&#039;]//span[text()=&#039;No&#039;] (tried for 120 second(s) with 500 milliseconds interval)
Build info: version: &#039;4.11.0&#039;, revision: &#039;040bc5406b&#039;
System info: os.name: &#039;Windows 10&#039;, os.arch: &#039;amd64&#039;, os.version: &#039;10.0&#039;, java.version: &#039;17.0.6&#039;
Driver info: org.openqa.selenium.chrome.ChromeDriver
Capabilities {acceptInsecureCerts: false, browserName: chrome, browserVersion: 129.0.6668.89, chrome: {chromedriverVersion: 129.0.6668.89 (951c0b97221f..., userDataDir: C:\Users\APLITE\AppData\Loc...}, fedcm:accounts: true, goog:chromeOptions: {debuggerAddress: localhost:53153}, networkConnectionEnabled: false, pageLoadStrategy: normal, platformName: windows, proxy: Proxy(), se:cdp: ws://localhost:53153/devtoo..., se:cdpVersion: 129.0.6668.89, setWindowRect: true, strictFileInteractability: false, timeouts: {implicit: 0, pageLoad: 300000, script: 30000}, unhandledPromptBehavior: dismiss and notify, webauthn:extension:credBlob: true, webauthn:extension:largeBlob: true, webauthn:extension:minPinLength: true, webauthn:extension:prf: true, webauthn:virtualAuthenticators: true}
Session ID: 783c1bbc7d779d0071bdde59a34b4c71" type="org.openqa.selenium.TimeoutException">
      <![CDATA[org.openqa.selenium.TimeoutException: Expected condition failed: waiting for visibility of element located by By.xpath: //div[@class='x-container x-unsized x-msgbox-dark x-msgbox x-floating']//span[text()='No'] (tried for 120 second(s) with 500 milliseconds interval)
Build info: version: '4.11.0', revision: '040bc5406b'
System info: os.name: 'Windows 10', os.arch: 'amd64', os.version: '10.0', java.version: '17.0.6'
Driver info: org.openqa.selenium.chrome.ChromeDriver
Capabilities {acceptInsecureCerts: false, browserName: chrome, browserVersion: 129.0.6668.89, chrome: {chromedriverVersion: 129.0.6668.89 (951c0b97221f..., userDataDir: C:\Users\APLITE\AppData\Loc...}, fedcm:accounts: true, goog:chromeOptions: {debuggerAddress: localhost:53153}, networkConnectionEnabled: false, pageLoadStrategy: normal, platformName: windows, proxy: Proxy(), se:cdp: ws://localhost:53153/devtoo..., se:cdpVersion: 129.0.6668.89, setWindowRect: true, strictFileInteractability: false, timeouts: {implicit: 0, pageLoad: 300000, script: 30000}, unhandledPromptBehavior: dismiss and notify, webauthn:extension:credBlob: true, webauthn:extension:largeBlob: true, webauthn:extension:minPinLength: true, webauthn:extension:prf: true, webauthn:virtualAuthenticators: true}
Session ID: 783c1bbc7d779d0071bdde59a34b4c71
at org.openqa.selenium.support.ui.WebDriverWait.timeoutException(WebDriverWait.java:84)
at org.openqa.selenium.support.ui.FluentWait.until(FluentWait.java:230)
at common_package.CommonMethodsOfWebDriver.explicitWaitElementBy(CommonMethodsOfWebDriver.java:119)
at helper_package.KanbanBoardRegressionHelper.clickOn_DeleteSideColumn(KanbanBoardRegressionHelper.java:2549)
at test_package.TestKanbanBoardRegression.DeleteKanbanCard(TestKanbanBoardRegression.java:305)
at java.base/jdk.internal.reflect.NativeMethodAccessorImpl.invoke0(Native Method)
at java.base/jdk.internal.reflect.NativeMethodAccessorImpl.invoke(NativeMethodAccessorImpl.java:77)
at java.base/jdk.internal.reflect.DelegatingMethodAccessorImpl.invoke(DelegatingMethodAccessorImpl.java:43)
at java.base/java.lang.reflect.Method.invoke(Method.java:568)
at org.testng.internal.invokers.MethodInvocationHelper.invokeMethod(MethodInvocationHelper.java:139)
at org.testng.internal.invokers.TestInvoker.invokeMethod(TestInvoker.java:664)
at org.testng.internal.invokers.TestInvoker.invokeTestMethod(TestInvoker.java:227)
at org.testng.internal.invokers.MethodRunner.runInSequence(MethodRunner.java:50)
at org.testng.internal.invokers.TestInvoker$MethodInvocationAgent.invoke(TestInvoker.java:957)
at org.testng.internal.invokers.TestInvoker.invokeTestMethods(TestInvoker.java:200)
at org.testng.internal.invokers.TestMethodWorker.invokeTestMethods(TestMethodWorker.java:148)
at org.testng.internal.invokers.TestMethodWorker.run(TestMethodWorker.java:128)
at java.base/java.util.ArrayList.forEach(ArrayList.java:1511)
at org.testng.TestRunner.privateRun(TestRunner.java:848)
at org.testng.TestRunner.run(TestRunner.java:621)
at org.testng.SuiteRunner.runTest(SuiteRunner.java:443)
at org.testng.SuiteRunner.runSequentially(SuiteRunner.java:437)
at org.testng.SuiteRunner.privateRun(SuiteRunner.java:397)
at org.testng.SuiteRunner.run(SuiteRunner.java:336)
at org.testng.SuiteRunnerWorker.runSuite(SuiteRunnerWorker.java:52)
at org.testng.SuiteRunnerWorker.run(SuiteRunnerWorker.java:95)
at org.testng.TestNG.runSuitesSequentially(TestNG.java:1280)
at org.testng.TestNG.runSuitesLocally(TestNG.java:1200)
at org.testng.TestNG.runSuites(TestNG.java:1114)
at org.testng.TestNG.run(TestNG.java:1082)
at org.testng.remote.AbstractRemoteTestNG.run(AbstractRemoteTestNG.java:115)
at org.testng.remote.RemoteTestNG.initAndRun(RemoteTestNG.java:251)
at org.testng.remote.RemoteTestNG.main(RemoteTestNG.java:77)
]]>
    </error>
  </testcase> <!-- DeleteKanbanCard -->
  <testcase classname="test_package.TestKanbanBoardRegression" name="KanbanCardCustomField">
    <skipped/>
  </testcase> <!-- KanbanCardCustomField -->
</testsuite> <!-- test_package.TestKanbanBoardRegression -->
