<?xml version="1.0" encoding="UTF-8"?>
<!-- Generated by org.testng.reporters.JUnitReportReporter -->
<testsuite hostname="DESKTOP-GGDIQCA" failures="0" tests="12" name="test_package.TestAddKanbanCardRegressionOnCalendarView" time="399.104" errors="1" timestamp="2024-10-04T15:19:00 IST" skipped="1">
  <testcase classname="test_package.TestAddKanbanCardRegressionOnCalendarView" name="KanbanBoard" time="59.900"/>
  <testcase classname="test_package.TestAddKanbanCardRegressionOnCalendarView" name="kanbanCard" time="49.773"/>
  <testcase classname="test_package.TestAddKanbanCardRegressionOnCalendarView" name="UpdateCVcard" time="21.568"/>
  <testcase classname="test_package.TestAddKanbanCardRegressionOnCalendarView" name="CloneCardBYStartDate" time="18.578"/>
  <testcase classname="test_package.TestAddKanbanCardRegressionOnCalendarView" name="CloneCardBYDueDate" time="18.454"/>
  <testcase classname="test_package.TestAddKanbanCardRegressionOnCalendarView" name="Hierarchy" time="13.552"/>
  <testcase classname="test_package.TestAddKanbanCardRegressionOnCalendarView" name="AddingTaskOnCvcard" time="14.921"/>
  <testcase classname="test_package.TestAddKanbanCardRegressionOnCalendarView" name="UpdateTask" time="12.081"/>
  <testcase classname="test_package.TestAddKanbanCardRegressionOnCalendarView" name="UploadfileOnCV" time="23.955"/>
  <testcase classname="test_package.TestAddKanbanCardRegressionOnCalendarView" name="clickingOnQuickAction" time="26.905"/>
  <testcase classname="test_package.TestAddKanbanCardRegressionOnCalendarView" name="deleteCardonCV" time="139.417">
    <error message="Expected condition failed: waiting for visibility of [[ChromeDriver: chrome on windows (bedea2b1770d02a638616fda2d320948)] -&gt; xpath: //div[@class=&#039;x-menu-bodyWrap&#039;]//span[text()=&#039;Delete&#039;]/parent::a] (tried for 120 second(s) with 500 milliseconds interval)
Build info: version: &#039;4.11.0&#039;, revision: &#039;040bc5406b&#039;
System info: os.name: &#039;Windows 10&#039;, os.arch: &#039;amd64&#039;, os.version: &#039;10.0&#039;, java.version: &#039;17.0.6&#039;
Driver info: org.openqa.selenium.chrome.ChromeDriver
Capabilities {acceptInsecureCerts: false, browserName: chrome, browserVersion: 129.0.6668.89, chrome: {chromedriverVersion: 129.0.6668.89 (951c0b97221f..., userDataDir: C:\Users\APLITE\AppData\Loc...}, fedcm:accounts: true, goog:chromeOptions: {debuggerAddress: localhost:58105}, networkConnectionEnabled: false, pageLoadStrategy: normal, platformName: windows, proxy: Proxy(), se:cdp: ws://localhost:58105/devtoo..., se:cdpVersion: 129.0.6668.89, setWindowRect: true, strictFileInteractability: false, timeouts: {implicit: 0, pageLoad: 300000, script: 30000}, unhandledPromptBehavior: dismiss and notify, webauthn:extension:credBlob: true, webauthn:extension:largeBlob: true, webauthn:extension:minPinLength: true, webauthn:extension:prf: true, webauthn:virtualAuthenticators: true}
Session ID: bedea2b1770d02a638616fda2d320948" type="org.openqa.selenium.TimeoutException">
      <![CDATA[org.openqa.selenium.TimeoutException: Expected condition failed: waiting for visibility of [[ChromeDriver: chrome on windows (bedea2b1770d02a638616fda2d320948)] -> xpath: //div[@class='x-menu-bodyWrap']//span[text()='Delete']/parent::a] (tried for 120 second(s) with 500 milliseconds interval)
Build info: version: '4.11.0', revision: '040bc5406b'
System info: os.name: 'Windows 10', os.arch: 'amd64', os.version: '10.0', java.version: '17.0.6'
Driver info: org.openqa.selenium.chrome.ChromeDriver
Capabilities {acceptInsecureCerts: false, browserName: chrome, browserVersion: 129.0.6668.89, chrome: {chromedriverVersion: 129.0.6668.89 (951c0b97221f..., userDataDir: C:\Users\APLITE\AppData\Loc...}, fedcm:accounts: true, goog:chromeOptions: {debuggerAddress: localhost:58105}, networkConnectionEnabled: false, pageLoadStrategy: normal, platformName: windows, proxy: Proxy(), se:cdp: ws://localhost:58105/devtoo..., se:cdpVersion: 129.0.6668.89, setWindowRect: true, strictFileInteractability: false, timeouts: {implicit: 0, pageLoad: 300000, script: 30000}, unhandledPromptBehavior: dismiss and notify, webauthn:extension:credBlob: true, webauthn:extension:largeBlob: true, webauthn:extension:minPinLength: true, webauthn:extension:prf: true, webauthn:virtualAuthenticators: true}
Session ID: bedea2b1770d02a638616fda2d320948
at org.openqa.selenium.support.ui.WebDriverWait.timeoutException(WebDriverWait.java:84)
at org.openqa.selenium.support.ui.FluentWait.until(FluentWait.java:230)
at common_package.CommonMethodsOfWebDriver.explicitWaitVisibilityOf(CommonMethodsOfWebDriver.java:166)
at helper_package.AddKanbanCardRegressionOnCalendarViewHelper.DeleteCardOnCV(AddKanbanCardRegressionOnCalendarViewHelper.java:1166)
at test_package.TestAddKanbanCardRegressionOnCalendarView.deleteCardonCV(TestAddKanbanCardRegressionOnCalendarView.java:104)
at java.base/jdk.internal.reflect.NativeMethodAccessorImpl.invoke0(Native Method)
at java.base/jdk.internal.reflect.NativeMethodAccessorImpl.invoke(NativeMethodAccessorImpl.java:77)
at java.base/jdk.internal.reflect.DelegatingMethodAccessorImpl.invoke(DelegatingMethodAccessorImpl.java:43)
at java.base/java.lang.reflect.Method.invoke(Method.java:568)
at org.testng.internal.invokers.MethodInvocationHelper.invokeMethod(MethodInvocationHelper.java:139)
at org.testng.internal.invokers.TestInvoker.invokeMethod(TestInvoker.java:664)
at org.testng.internal.invokers.TestInvoker.invokeTestMethod(TestInvoker.java:227)
at org.testng.internal.invokers.MethodRunner.runInSequence(MethodRunner.java:50)
at org.testng.internal.invokers.TestInvoker$MethodInvocationAgent.invoke(TestInvoker.java:957)
at org.testng.internal.invokers.TestInvoker.invokeTestMethods(TestInvoker.java:200)
at org.testng.internal.invokers.TestMethodWorker.invokeTestMethods(TestMethodWorker.java:148)
at org.testng.internal.invokers.TestMethodWorker.run(TestMethodWorker.java:128)
at java.base/java.util.ArrayList.forEach(ArrayList.java:1511)
at org.testng.TestRunner.privateRun(TestRunner.java:848)
at org.testng.TestRunner.run(TestRunner.java:621)
at org.testng.SuiteRunner.runTest(SuiteRunner.java:443)
at org.testng.SuiteRunner.runSequentially(SuiteRunner.java:437)
at org.testng.SuiteRunner.privateRun(SuiteRunner.java:397)
at org.testng.SuiteRunner.run(SuiteRunner.java:336)
at org.testng.SuiteRunnerWorker.runSuite(SuiteRunnerWorker.java:52)
at org.testng.SuiteRunnerWorker.run(SuiteRunnerWorker.java:95)
at org.testng.TestNG.runSuitesSequentially(TestNG.java:1280)
at org.testng.TestNG.runSuitesLocally(TestNG.java:1200)
at org.testng.TestNG.runSuites(TestNG.java:1114)
at org.testng.TestNG.run(TestNG.java:1082)
at org.testng.remote.AbstractRemoteTestNG.run(AbstractRemoteTestNG.java:115)
at org.testng.remote.RemoteTestNG.initAndRun(RemoteTestNG.java:251)
at org.testng.remote.RemoteTestNG.main(RemoteTestNG.java:77)
]]>
    </error>
  </testcase> <!-- deleteCardonCV -->
  <testcase classname="test_package.TestAddKanbanCardRegressionOnCalendarView" name="ClickingOnDiscuss">
    <skipped/>
  </testcase> <!-- ClickingOnDiscuss -->
</testsuite> <!-- test_package.TestAddKanbanCardRegressionOnCalendarView -->
