<?xml version="1.0" encoding="UTF-8"?>
<!-- Generated by org.testng.reporters.JUnitXMLReporter -->
<testsuite ignored="12" hostname="DESKTOP-GGDIQCA" failures="1" tests="75" name="Test" time="827.443" errors="0" timestamp="2025-02-14T12:57:45 IST">
  <testcase classname="test_package.TestCreatingSingleActivityAndAutomateEditInformationfieldOnPg" name="Create_SingleActivity" time="75.479"/>
  <testcase classname="test_package.TestCreatingSingleActivityAndAutomateEditInformationfieldOnPg" name="ClickOn_SideStatusColumn" time="16.824"/>
  <testcase classname="test_package.TestCreatingSingleActivityAndAutomateEditInformationfieldOnPg" name="ClickOn_LogTimeSideColumn" time="10.185"/>
  <testcase classname="test_package.TestCreatingSingleActivityAndAutomateEditInformationfieldOnPg" name="editLogTime" time="14.53"/>
  <testcase classname="test_package.TestCreatingSingleActivityAndAutomateEditInformationfieldOnPg" name="clickOn_RiskSideColumn" time="12.004"/>
  <testcase classname="test_package.TestCreatingSingleActivityAndAutomateEditInformationfieldOnPg" name="editRisk" time="8.168"/>
  <testcase classname="test_package.TestCreatingSingleActivityAndAutomateEditInformationfieldOnPg" name="clickOn_SubscriberSideColumn" time="7.308"/>
  <testcase classname="test_package.TestCreatingSingleActivityAndAutomateEditInformationfieldOnPg" name="clickOneditSubscriber" time="8.002"/>
  <testcase classname="test_package.TestCreatingSingleActivityAndAutomateEditInformationfieldOnPg" name="clickOn_ResourceSideColumnOnActivity" time="18.321"/>
  <testcase classname="test_package.TestCreatingSingleActivityAndAutomateEditInformationfieldOnPg" name="addingStickers_OnActivity" time="62.703"/>
  <testcase classname="test_package.TestCreatingSingleActivityAndAutomateEditInformationfieldOnPg" name="clickOn_FilesSideColumn" time="15.765"/>
  <testcase classname="test_package.TestCreateActivityAndAutomateThreedotfunctionalityOnPlanGantt" name="quickActionsOnActivity" time="39.781"/>
  <testcase classname="test_package.TestCreateActivityAndAutomateThreedotfunctionalityOnPlanGantt" name="addButtonfunctionality" time="33.597"/>
  <testcase classname="test_package.TestCreateActivityAndAutomateThreedotfunctionalityOnPlanGantt" name="clickOnDiscussTabOnActivity" time="17.846"/>
  <testcase classname="test_package.TestCreateActivityAndAutomateThreedotfunctionalityOnPlanGantt" name="converToActivityGroup" time="1.596"/>
  <testcase classname="test_package.TestCreateActivityAndAutomateThreedotfunctionalityOnPlanGantt" name="performIndentOutdentOperatisOnActivity" time="3.199"/>
  <testcase classname="test_package.TestCreateActivityAndAutomateThreedotfunctionalityOnPlanGantt" name="cloneActivity" time="4.629"/>
  <testcase classname="test_package.TestCreateActivityAndAutomateThreedotfunctionalityOnPlanGantt" name="deleteOperation_OnActivity" time="11.717"/>
  <testcase classname="test_package.TestCreateActivityAndAutomateThreedotfunctionalityOnPlanGantt" name="performExternalDependancyOperationOnActivity" time="13.823"/>
  <testcase classname="test_package.TestCreateSingleMilestoneAndAutomateEditInformationfield" name="clickOn_SideStatusColumn" time="14.485"/>
  <testcase classname="test_package.TestCreateSingleMilestoneAndAutomateEditInformationfield" name="clickOn_SideLogTimeColumn" time="9.714"/>
  <testcase classname="test_package.TestCreateSingleMilestoneAndAutomateEditInformationfield" name="clickOn_editLogTime" time="13.698"/>
  <testcase classname="test_package.TestCreateSingleMilestoneAndAutomateEditInformationfield" name="clickOn_RiskTab" time="8.917"/>
  <testcase classname="test_package.TestCreateSingleMilestoneAndAutomateEditInformationfield" name="editRisk" time="8.196"/>
  <testcase classname="test_package.TestCreateSingleMilestoneAndAutomateEditInformationfield" name="clickOn_SubscriberTabOnMilestone" time="8.503"/>
  <testcase classname="test_package.TestCreateSingleMilestoneAndAutomateEditInformationfield" name="editSubscriberOnMilestone" time="5.967"/>
  <testcase classname="test_package.TestCreateSingleMilestoneAndAutomateEditInformationfield" name="add_files_OnMilestone" time="6.497"/>
  <testcase classname="test_package.TestCreateMilestoneAndAutomateThreedotfunctionalityOnPg" name="quickActionsOnMilstone" time="20.812"/>
  <testcase classname="test_package.TestCreateMilestoneAndAutomateThreedotfunctionalityOnPg" name="addButtonfunctionality" time="8.817">
    <failure type="org.openqa.selenium.NoSuchElementException" message="no such element: Unable to locate element: {&amp;quot;method&amp;quot;:&amp;quot;xpath&amp;quot;,&amp;quot;selector&amp;quot;:&amp;quot;//div[contains(@class,&amp;apos;x-box-inner x-box-scroller-body-vertical x-scroller&amp;apos;)]//span[text()=&amp;apos;Activity Above&amp;apos;]&amp;quot;}
  (Session info: chrome=133.0.6943.60)
For documentation on this error, please visit: https://www.selenium.dev/documentation/webdriver/troubleshooting/errors#no-such-element-exception
Build info: version: &amp;apos;4.28.1&amp;apos;, revision: &amp;apos;73f5ad48a2&amp;apos;
System info: os.name: &amp;apos;Windows 10&amp;apos;, os.arch: &amp;apos;amd64&amp;apos;, os.version: &amp;apos;10.0&amp;apos;, java.version: &amp;apos;17.0.6&amp;apos;
Driver info: org.openqa.selenium.chrome.ChromeDriver
Command: [12cfbc4fdb699b22115868c17d59b6e3, findElement {using=xpath, value=//div[contains(@class,&amp;apos;x-box-inner x-box-scroller-body-vertical x-scroller&amp;apos;)]//span[text()=&amp;apos;Activity Above&amp;apos;]}]
Capabilities {acceptInsecureCerts: false, browserName: chrome, browserVersion: 133.0.6943.60, chrome: {chromedriverVersion: 133.0.6943.98 (da53563ceb66..., userDataDir: C:\Users\APLITE\AppData\Loc...}, fedcm:accounts: true, goog:chromeOptions: {debuggerAddress: localhost:59924}, networkConnectionEnabled: false, pageLoadStrategy: normal, platformName: windows, proxy: Proxy(), se:cdp: ws://localhost:59924/devtoo..., se:cdpVersion: 133.0.6943.60, setWindowRect: true, strictFileInteractability: false, timeouts: {implicit: 0, pageLoad: 300000, script: 30000}, unhandledPromptBehavior: dismiss and notify, webauthn:extension:credBlob: true, webauthn:extension:largeBlob: true, webauthn:extension:minPinLength: true, webauthn:extension:prf: true, webauthn:virtualAuthenticators: true}
Session ID: 12cfbc4fdb699b22115868c17d59b6e3">
      <![CDATA[org.openqa.selenium.NoSuchElementException: no such element: Unable to locate element: {"method":"xpath","selector":"//div[contains(@class,'x-box-inner x-box-scroller-body-vertical x-scroller')]//span[text()='Activity Above']"}
  (Session info: chrome=133.0.6943.60)
For documentation on this error, please visit: https://www.selenium.dev/documentation/webdriver/troubleshooting/errors#no-such-element-exception
Build info: version: '4.28.1', revision: '73f5ad48a2'
System info: os.name: 'Windows 10', os.arch: 'amd64', os.version: '10.0', java.version: '17.0.6'
Driver info: org.openqa.selenium.chrome.ChromeDriver
Command: [12cfbc4fdb699b22115868c17d59b6e3, findElement {using=xpath, value=//div[contains(@class,'x-box-inner x-box-scroller-body-vertical x-scroller')]//span[text()='Activity Above']}]
Capabilities {acceptInsecureCerts: false, browserName: chrome, browserVersion: 133.0.6943.60, chrome: {chromedriverVersion: 133.0.6943.98 (da53563ceb66..., userDataDir: C:\Users\APLITE\AppData\Loc...}, fedcm:accounts: true, goog:chromeOptions: {debuggerAddress: localhost:59924}, networkConnectionEnabled: false, pageLoadStrategy: normal, platformName: windows, proxy: Proxy(), se:cdp: ws://localhost:59924/devtoo..., se:cdpVersion: 133.0.6943.60, setWindowRect: true, strictFileInteractability: false, timeouts: {implicit: 0, pageLoad: 300000, script: 30000}, unhandledPromptBehavior: dismiss and notify, webauthn:extension:credBlob: true, webauthn:extension:largeBlob: true, webauthn:extension:minPinLength: true, webauthn:extension:prf: true, webauthn:virtualAuthenticators: true}
Session ID: 12cfbc4fdb699b22115868c17d59b6e3
at org.openqa.selenium.remote.ErrorCodec.decode(ErrorCodec.java:167)
at org.openqa.selenium.remote.codec.w3c.W3CHttpResponseCodec.decode(W3CHttpResponseCodec.java:138)
at org.openqa.selenium.remote.codec.w3c.W3CHttpResponseCodec.decode(W3CHttpResponseCodec.java:50)
at org.openqa.selenium.remote.HttpCommandExecutor.execute(HttpCommandExecutor.java:215)
at org.openqa.selenium.remote.service.DriverCommandExecutor.invokeExecute(DriverCommandExecutor.java:216)
at org.openqa.selenium.remote.service.DriverCommandExecutor.execute(DriverCommandExecutor.java:174)
at org.openqa.selenium.remote.RemoteWebDriver.execute(RemoteWebDriver.java:545)
at org.openqa.selenium.remote.ElementLocation$ElementFinder$2.findElement(ElementLocation.java:165)
at org.openqa.selenium.remote.ElementLocation.findElement(ElementLocation.java:59)
at org.openqa.selenium.remote.RemoteWebDriver.findElement(RemoteWebDriver.java:368)
at org.openqa.selenium.remote.RemoteWebDriver.findElement(RemoteWebDriver.java:362)
at common_package.CommonMethodsOfWebDriver.findElement(CommonMethodsOfWebDriver.java:65)
at helper_package.CreateMilestoneAndAutomateThreedotfunctionalityOnPgHelper.addButtonfunctionality(CreateMilestoneAndAutomateThreedotfunctionalityOnPgHelper.java:436)
at test_package.TestCreateMilestoneAndAutomateThreedotfunctionalityOnPg.addButtonfunctionality(TestCreateMilestoneAndAutomateThreedotfunctionalityOnPg.java:23)
at java.base/java.util.ArrayList.forEach(ArrayList.java:1511)
... Removed 31 stack frames]]>
    </failure>
  </testcase> <!-- addButtonfunctionality -->
  <testcase classname="test_package.TestCreateMilestoneAndAutomateThreedotfunctionalityOnPg" name="converToActivityGroup" time="1.857"/>
  <testcase classname="test_package.TestCreateMilestoneAndAutomateThreedotfunctionalityOnPg" name="convertTomilestone" time="2.631"/>
  <testcase classname="test_package.TestToCheckHeaderButtonsOnPlanGanttBoard" name="advancefilterOnPlantGantt" time="75.775"/>
  <testcase classname="test_package.TestToCheckHeaderButtonsOnPlanGanttBoard" name="checkUndoButtonFunctionality" time="14.457"/>
  <testcase classname="test_package.TestToCheckHeaderButtonsOnPlanGanttBoard" name="checkTimespanFunctionality" time="2.57"/>
  <testcase classname="test_package.TestToCheckHeaderButtonsOnPlanGanttBoard" name="createMultipleBaselines" time="16.759"/>
  <testcase classname="test_package.TestToCheckHeaderButtonsOnPlanGanttBoard" name="showAndHideBaseline" time="5.284"/>
  <testcase classname="test_package.TestToCheckHeaderButtonsOnPlanGanttBoard" name="showBaselineHistory" time="6.745"/>
  <testcase classname="test_package.TestToCheckHeaderButtonsOnPlanGanttBoard" name="checkFilterBaselinefunctionality" time="9.666"/>
  <testcase classname="test_package.TestToCheckHeaderButtonsOnPlanGanttBoard" name="clickOnShowTab" time="12.116"/>
  <testcase classname="test_package.TestSavingMultipleViewsInPlanGant" name="saveDefaultView" time="10.8"/>
  <testcase classname="test_package.TestSavingMultipleViewsInPlanGant" name="createView1WithAddColumn" time="18.082"/>
  <testcase classname="test_package.TestSavingMultipleViewsInPlanGant" name="createView2Withfilter" time="11.997"/>
  <testcase classname="test_package.TestSavingMultipleViewsInPlanGant" name="createView3WithBaseline" time="11.702"/>
  <testcase classname="test_package.TestSavingMultipleViewsInPlanGant" name="filterBoardByTitle" time="12.771"/>
  <testcase classname="test_package.TestSavingMultipleViewsInPlanGant" name="hideAndShowScheduleICon" time="0.613"/>
  <testcase classname="test_package.TestAddNewColumnOnPG" name="addPercentageDoneColumn" time="13.577"/>
  <testcase classname="test_package.TestAddNewColumnOnPG" name="addAssignedResourceColumn" time="3.057"/>
  <testcase classname="test_package.TestAddNewColumnOnPG" name="addCategoryColumn" time="3.355"/>
  <testcase classname="test_package.TestAddNewColumnOnPG" name="addDescriptionColumn" time="3.445"/>
  <testcase classname="test_package.TestAddNewColumnOnPG" name="addDiscussColumn" time="3.675"/>
  <testcase classname="test_package.TestAddNewColumnOnPG" name="addElapsedTimeColumn" time="4.234"/>
  <testcase classname="test_package.TestAddNewColumnOnPG" name="addFilesColumn" time="3.871"/>
  <testcase classname="test_package.TestAddNewColumnOnPG" name="addOnHoldColumn" time="4.58"/>
  <testcase classname="test_package.TestAddNewColumnOnPG" name="addPredecessorColumn" time="4.43"/>
  <testcase classname="test_package.TestAddNewColumnOnPG" name="addPriorityColumn" time="4.334"/>
  <testcase classname="test_package.TestAddNewColumnOnPG" name="addRiskColumn" time="4.72"/>
  <testcase classname="test_package.TestAddNewColumnOnPG" name="addSequenceColumn" time="5.28"/>
  <testcase classname="test_package.TestAddNewColumnOnPG" name="addStickersColumn" time="5.027"/>
  <testcase classname="test_package.TestAddNewColumnOnPG" name="addSuccessorsColumn" time="5.498"/>
  <testcase classname="test_package.TestAddNewColumnOnPG" name="addTimetoLaunchColumn" time="5.399"/>
  <testcase classname="test_package.TestAddNewColumnOnPG" name="removePercentageDoneColumn" time="4.846"/>
  <testcase classname="test_package.TestAddNewColumnOnPG" name="removeAssignedResourceColumn" time="3.738"/>
  <testcase classname="test_package.TestAddNewColumnOnPG" name="removeCategoryColumn" time="3.744"/>
  <testcase classname="test_package.TestAddNewColumnOnPG" name="removeDescriptionColumn" time="3.975"/>
  <testcase classname="test_package.TestAddNewColumnOnPG" name="removeDiscussColumn" time="3.744"/>
  <testcase classname="test_package.TestAddNewColumnOnPG" name="removeElapsedTimeColumn" time="3.796"/>
  <testcase classname="test_package.TestAddNewColumnOnPG" name="removeFilesColumn" time="3.801"/>
  <testcase classname="test_package.TestAddNewColumnOnPG" name="removeOnHoldColumn" time="3.726"/>
  <testcase classname="test_package.TestAddNewColumnOnPG" name="removePredecessorColumn" time="3.9"/>
  <testcase classname="test_package.TestAddNewColumnOnPG" name="removePriorityColumn" time="3.738"/>
  <testcase classname="test_package.TestAddNewColumnOnPG" name="removeRiskColumn" time="3.757"/>
  <testcase classname="test_package.TestAddNewColumnOnPG" name="removeSequenceColumn" time="3.751"/>
  <testcase classname="test_package.TestAddNewColumnOnPG" name="removeStickersColumn" time="3.746"/>
  <testcase classname="test_package.TestAddNewColumnOnPG" name="removeSuccessorsColumn" time="3.81"/>
  <testcase classname="test_package.TestAddNewColumnOnPG" name="removeTimeToLaunch" time="3.784"/>
  <testcase classname="test_package.TestCreatingSingleActivityAndAutomateEditInformationfieldOnPg" name="fixedDuration_SchedulingMode" time="0.0">
    <ignored/>
  </testcase> <!-- fixedDuration_SchedulingMode -->
  <testcase classname="test_package.TestCreateMilestoneAndAutomateThreedotfunctionalityOnPg" name="performIndentOutdentExternalDependancyCloneAndDeleteOperation" time="0.0">
    <ignored/>
  </testcase> <!-- performIndentOutdentExternalDependancyCloneAndDeleteOperation -->
  <testcase classname="test_package.TestCreatingSingleActivityAndAutomateEditInformationfieldOnPg" name="clickOn_Normal_SchedulingMode" time="0.0">
    <ignored/>
  </testcase> <!-- clickOn_Normal_SchedulingMode -->
  <testcase classname="test_package.TestCreatingSingleActivityAndAutomateEditInformationfieldOnPg" name="effortDriven_SchedulingMode" time="0.0">
    <ignored/>
  </testcase> <!-- effortDriven_SchedulingMode -->
  <testcase classname="test_package.TestCreateSingleMilestoneAndAutomateEditInformationfield" name="singleMilestone" time="0.0">
    <ignored/>
  </testcase> <!-- singleMilestone -->
  <testcase classname="test_package.TestAddNewColumnOnPG" name="Create_SingleActivity" time="0.0">
    <ignored/>
  </testcase> <!-- Create_SingleActivity -->
  <testcase classname="test_package.TestCreateMilestoneAndAutomateThreedotfunctionalityOnPg" name="discusstabOnmilestone" time="0.0">
    <ignored/>
  </testcase> <!-- discusstabOnmilestone -->
  <testcase classname="test_package.TestCreateActivityAndAutomateThreedotfunctionalityOnPlanGantt" name="Create_SingleActivity" time="0.0">
    <ignored/>
  </testcase> <!-- Create_SingleActivity -->
  <testcase classname="test_package.TestToCheckHeaderButtonsOnPlanGanttBoard" name="Singlemilestone" time="0.0">
    <ignored/>
  </testcase> <!-- Singlemilestone -->
  <testcase classname="test_package.TestCreateMilestoneAndAutomateThreedotfunctionalityOnPg" name="singleMilestone" time="0.0">
    <ignored/>
  </testcase> <!-- singleMilestone -->
  <testcase classname="test_package.TestSavingMultipleViewsInPlanGant" name="Singlemilestone" time="0.0">
    <ignored/>
  </testcase> <!-- Singlemilestone -->
  <testcase classname="test_package.TestCreatingSingleActivityAndAutomateEditInformationfieldOnPg" name="dynamicAssignment_SchedulingMode" time="0.0">
    <ignored/>
  </testcase> <!-- dynamicAssignment_SchedulingMode -->
</testsuite> <!-- Test -->
